<?xml version="1.0" encoding="UTF-8"?>
<!-- Generated by org.testng.reporters.JUnitReportReporter -->
<testsuite hostname="luna" failures="0" tests="15" name="com.testing.HospitalManagementTest" time="63.109" errors="0" timestamp="2026-05-08T10:27:35 PKT" skipped="0">
  <testcase classname="com.testing.HospitalManagementTest" name="test01_HomePageLoads" time="2.212"/>
  <testcase classname="com.testing.HospitalManagementTest" name="test02_LoginPageElements" time="2.520"/>
  <testcase classname="com.testing.HospitalManagementTest" name="test03_SuccessfulLogin" time="3.361"/>
  <testcase classname="com.testing.HospitalManagementTest" name="test04_InvalidLogin" time="3.882"/>
  <testcase classname="com.testing.HospitalManagementTest" name="test05_DashboardLoads" time="3.384"/>
  <testcase classname="com.testing.HospitalManagementTest" name="test06_NavigateToPatients" time="3.563"/>
  <testcase classname="com.testing.HospitalManagementTest" name="test07_PatientsTableLoads" time="4.604"/>
  <testcase classname="com.testing.HospitalManagementTest" name="test08_PatientSearch" time="5.290"/>
  <testcase classname="com.testing.HospitalManagementTest" name="test09_AddPatientModal" time="5.330"/>
  <testcase classname="com.testing.HospitalManagementTest" name="test10_NavigateToDoctors" time="4.630"/>
  <testcase classname="com.testing.HospitalManagementTest" name="test11_NavigateToAppointments" time="4.555"/>
  <testcase classname="com.testing.HospitalManagementTest" name="test12_NavigateToWards" time="6.609"/>
  <testcase classname="com.testing.HospitalManagementTest" name="test13_NavigateToBilling" time="5.463"/>
  <testcase classname="com.testing.HospitalManagementTest" name="test14_Logout" time="4.503"/>
  <testcase classname="com.testing.HospitalManagementTest" name="test15_RegisterPageElements" time="3.203"/>
</testsuite> <!-- com.testing.HospitalManagementTest -->
