<?xml version="1.0" encoding="UTF-8"?>
<testsuite xmlns:xsi="http://www.w3.org/2001/XMLSchema-instance" xsi:noNamespaceSchemaLocation="https://maven.apache.org/surefire/maven-surefire-plugin/xsd/surefire-test-report-3.0.xsd" version="3.0" name="TestSuite" time="64.911" tests="15" errors="0" skipped="0" failures="0">
  <properties>
[...]
</properties>
  <testcase name="test01_HomePageLoads" classname="com.testing.HospitalManagementTest" time="0.882">
    <system-out><![CDATA[✔ WebDriver started

[TEST 1] Testing: Home Page Load
→ Navigated to: http://localhost:5000
→ Page title: MediCore HMS
✓ TEST 1 PASSED: Home page loaded successfully
]]></system-out>
    <system-err><![CDATA[SLF4J: Failed to load class "org.slf4j.impl.StaticLoggerBinder".
SLF4J: Defaulting to no-operation (NOP) logger implementation
SLF4J: See http://www.slf4j.org/codes.html#StaticLoggerBinder for further details.
May 08, 2026 10:26:34 AM org.openqa.selenium.devtools.CdpVersionFinder findNearestMatch
WARNING: Unable to find CDP implementation matching 147
May 08, 2026 10:26:34 AM org.openqa.selenium.chromium.ChromiumDriver lambda$new$5
WARNING: Unable to find version of CDP to use for 147.0.7727.138. You may need to include a dependency on a specific version of the CDP using something similar to `org.seleniumhq.selenium:selenium-devtools-v86:4.15.0` where the version ("v86") matches the version of the chromium-based browser you're using and the version number of the artifact is the same as Selenium's.
]]></system-err>
  </testcase>
  <testcase name="test02_LoginPageElements" classname="com.testing.HospitalManagementTest" time="1.204">
    <system-out><![CDATA[✔ WebDriver closed
✔ WebDriver started

[TEST 2] Testing: Login Page Elements
→ Email input field found
→ Password input field found
→ Login button found
✓ TEST 2 PASSED: All login elements present
]]></system-out>
    <system-err><![CDATA[May 08, 2026 10:26:36 AM org.openqa.selenium.devtools.CdpVersionFinder findNearestMatch
WARNING: Unable to find CDP implementation matching 147
May 08, 2026 10:26:36 AM org.openqa.selenium.chromium.ChromiumDriver lambda$new$5
WARNING: Unable to find version of CDP to use for 147.0.7727.138. You may need to include a dependency on a specific version of the CDP using something similar to `org.seleniumhq.selenium:selenium-devtools-v86:4.15.0` where the version ("v86") matches the version of the chromium-based browser you're using and the version number of the artifact is the same as Selenium's.
]]></system-err>
  </testcase>
  <testcase name="test03_SuccessfulLogin" classname="com.testing.HospitalManagementTest" time="1.924">
    <system-out><![CDATA[✔ WebDriver closed
✔ WebDriver started

[TEST 3] Testing: Successful Login
→ Entered email: admin@hospital.com
→ Entered password
→ Clicked login button
✓ TEST 3 PASSED: Login successful, dashboard loaded
]]></system-out>
    <system-err><![CDATA[May 08, 2026 10:26:40 AM org.openqa.selenium.devtools.CdpVersionFinder findNearestMatch
WARNING: Unable to find CDP implementation matching 147
May 08, 2026 10:26:40 AM org.openqa.selenium.chromium.ChromiumDriver lambda$new$5
WARNING: Unable to find version of CDP to use for 147.0.7727.138. You may need to include a dependency on a specific version of the CDP using something similar to `org.seleniumhq.selenium:selenium-devtools-v86:4.15.0` where the version ("v86") matches the version of the chromium-based browser you're using and the version number of the artifact is the same as Selenium's.
]]></system-err>
  </testcase>
  <testcase name="test04_InvalidLogin" classname="com.testing.HospitalManagementTest" time="2.466">
    <system-out><![CDATA[✔ WebDriver closed
✔ WebDriver started

[TEST 4] Testing: Invalid Login
→ Entered invalid email: wrong@email.com
→ Entered invalid password
→ Clicked login button
✓ TEST 4 PASSED: Error message displayed for invalid login
]]></system-out>
    <system-err><![CDATA[May 08, 2026 10:26:43 AM org.openqa.selenium.devtools.CdpVersionFinder findNearestMatch
WARNING: Unable to find CDP implementation matching 147
May 08, 2026 10:26:43 AM org.openqa.selenium.chromium.ChromiumDriver lambda$new$5
WARNING: Unable to find version of CDP to use for 147.0.7727.138. You may need to include a dependency on a specific version of the CDP using something similar to `org.seleniumhq.selenium:selenium-devtools-v86:4.15.0` where the version ("v86") matches the version of the chromium-based browser you're using and the version number of the artifact is the same as Selenium's.
]]></system-err>
  </testcase>
  <testcase name="test05_DashboardLoads" classname="com.testing.HospitalManagementTest" time="1.956">
    <system-out><![CDATA[✔ WebDriver closed
✔ WebDriver started

[TEST 5] Testing: Dashboard Statistics
→ Logged in successfully
→ Stats grid found
→ Found 6 stat cards
✓ TEST 5 PASSED: Dashboard loaded with 6 statistics
]]></system-out>
    <system-err><![CDATA[May 08, 2026 10:26:47 AM org.openqa.selenium.devtools.CdpVersionFinder findNearestMatch
WARNING: Unable to find CDP implementation matching 147
May 08, 2026 10:26:47 AM org.openqa.selenium.chromium.ChromiumDriver lambda$new$5
WARNING: Unable to find version of CDP to use for 147.0.7727.138. You may need to include a dependency on a specific version of the CDP using something similar to `org.seleniumhq.selenium:selenium-devtools-v86:4.15.0` where the version ("v86") matches the version of the chromium-based browser you're using and the version number of the artifact is the same as Selenium's.
]]></system-err>
  </testcase>
  <testcase name="test06_NavigateToPatients" classname="com.testing.HospitalManagementTest" time="2.214">
    <system-out><![CDATA[✔ WebDriver closed
✔ WebDriver started

[TEST 6] Testing: Navigate to Patients
→ Clicked Patients menu item
✓ TEST 6 PASSED: Successfully navigated to Patients page
]]></system-out>
    <system-err><![CDATA[May 08, 2026 10:26:51 AM org.openqa.selenium.devtools.CdpVersionFinder findNearestMatch
WARNING: Unable to find CDP implementation matching 147
May 08, 2026 10:26:51 AM org.openqa.selenium.chromium.ChromiumDriver lambda$new$5
WARNING: Unable to find version of CDP to use for 147.0.7727.138. You may need to include a dependency on a specific version of the CDP using something similar to `org.seleniumhq.selenium:selenium-devtools-v86:4.15.0` where the version ("v86") matches the version of the chromium-based browser you're using and the version number of the artifact is the same as Selenium's.
]]></system-err>
  </testcase>
  <testcase name="test07_PatientsTableLoads" classname="com.testing.HospitalManagementTest" time="3.216">
    <system-out><![CDATA[✔ WebDriver closed
✔ WebDriver started

[TEST 7] Testing: Patients Table
→ Patients table found
→ Found 7 table columns
✓ TEST 7 PASSED: Patients table loaded with 7 columns
]]></system-out>
    <system-err><![CDATA[May 08, 2026 10:26:54 AM org.openqa.selenium.devtools.CdpVersionFinder findNearestMatch
WARNING: Unable to find CDP implementation matching 147
May 08, 2026 10:26:54 AM org.openqa.selenium.chromium.ChromiumDriver lambda$new$5
WARNING: Unable to find version of CDP to use for 147.0.7727.138. You may need to include a dependency on a specific version of the CDP using something similar to `org.seleniumhq.selenium:selenium-devtools-v86:4.15.0` where the version ("v86") matches the version of the chromium-based browser you're using and the version number of the artifact is the same as Selenium's.
]]></system-err>
  </testcase>
  <testcase name="test08_PatientSearch" classname="com.testing.HospitalManagementTest" time="3.793">
    <system-out><![CDATA[✔ WebDriver closed
✔ WebDriver started

[TEST 8] Testing: Patient Search
→ Search input found
→ Entered search term: test
✓ TEST 8 PASSED: Patient search box works correctly
]]></system-out>
    <system-err><![CDATA[May 08, 2026 10:26:59 AM org.openqa.selenium.devtools.CdpVersionFinder findNearestMatch
WARNING: Unable to find CDP implementation matching 147
May 08, 2026 10:26:59 AM org.openqa.selenium.chromium.ChromiumDriver lambda$new$5
WARNING: Unable to find version of CDP to use for 147.0.7727.138. You may need to include a dependency on a specific version of the CDP using something similar to `org.seleniumhq.selenium:selenium-devtools-v86:4.15.0` where the version ("v86") matches the version of the chromium-based browser you're using and the version number of the artifact is the same as Selenium's.
]]></system-err>
  </testcase>
  <testcase name="test09_AddPatientModal" classname="com.testing.HospitalManagementTest" time="4.005">
    <system-out><![CDATA[✔ WebDriver closed
✔ WebDriver started

[TEST 9] Testing: Add Patient Modal
→ Clicked Add Patient button
✓ TEST 9 PASSED: Add patient modal opened successfully
]]></system-out>
    <system-err><![CDATA[May 08, 2026 10:27:04 AM org.openqa.selenium.devtools.CdpVersionFinder findNearestMatch
WARNING: Unable to find CDP implementation matching 147
May 08, 2026 10:27:04 AM org.openqa.selenium.chromium.ChromiumDriver lambda$new$5
WARNING: Unable to find version of CDP to use for 147.0.7727.138. You may need to include a dependency on a specific version of the CDP using something similar to `org.seleniumhq.selenium:selenium-devtools-v86:4.15.0` where the version ("v86") matches the version of the chromium-based browser you're using and the version number of the artifact is the same as Selenium's.
]]></system-err>
  </testcase>
  <testcase name="test10_NavigateToDoctors" classname="com.testing.HospitalManagementTest" time="3.237">
    <system-out><![CDATA[✔ WebDriver closed
✔ WebDriver started

[TEST 10] Testing: Navigate to Doctors
→ Clicked Doctors menu item
✓ TEST 10 PASSED: Successfully navigated to Doctors page
]]></system-out>
    <system-err><![CDATA[May 08, 2026 10:27:09 AM org.openqa.selenium.devtools.CdpVersionFinder findNearestMatch
WARNING: Unable to find CDP implementation matching 147
May 08, 2026 10:27:09 AM org.openqa.selenium.chromium.ChromiumDriver lambda$new$5
WARNING: Unable to find version of CDP to use for 147.0.7727.138. You may need to include a dependency on a specific version of the CDP using something similar to `org.seleniumhq.selenium:selenium-devtools-v86:4.15.0` where the version ("v86") matches the version of the chromium-based browser you're using and the version number of the artifact is the same as Selenium's.
]]></system-err>
  </testcase>
  <testcase name="test11_NavigateToAppointments" classname="com.testing.HospitalManagementTest" time="3.075">
    <system-out><![CDATA[✔ WebDriver closed
✔ WebDriver started

[TEST 11] Testing: Navigate to Appointments
→ Clicked Appointments menu item
✓ TEST 11 PASSED: Successfully navigated to Appointments page
]]></system-out>
    <system-err><![CDATA[May 08, 2026 10:27:14 AM org.openqa.selenium.devtools.CdpVersionFinder findNearestMatch
WARNING: Unable to find CDP implementation matching 147
May 08, 2026 10:27:14 AM org.openqa.selenium.chromium.ChromiumDriver lambda$new$5
WARNING: Unable to find version of CDP to use for 147.0.7727.138. You may need to include a dependency on a specific version of the CDP using something similar to `org.seleniumhq.selenium:selenium-devtools-v86:4.15.0` where the version ("v86") matches the version of the chromium-based browser you're using and the version number of the artifact is the same as Selenium's.
]]></system-err>
  </testcase>
  <testcase name="test12_NavigateToWards" classname="com.testing.HospitalManagementTest" time="3.244">
    <system-out><![CDATA[✔ WebDriver closed
✔ WebDriver started

[TEST 12] Testing: Navigate to Wards
→ Clicked Wards menu item
→ Wards grid displayed
✓ TEST 12 PASSED: Successfully navigated to Wards page with grid
]]></system-out>
    <system-err><![CDATA[May 08, 2026 10:27:18 AM org.openqa.selenium.devtools.CdpVersionFinder findNearestMatch
WARNING: Unable to find CDP implementation matching 147
May 08, 2026 10:27:18 AM org.openqa.selenium.chromium.ChromiumDriver lambda$new$5
WARNING: Unable to find version of CDP to use for 147.0.7727.138. You may need to include a dependency on a specific version of the CDP using something similar to `org.seleniumhq.selenium:selenium-devtools-v86:4.15.0` where the version ("v86") matches the version of the chromium-based browser you're using and the version number of the artifact is the same as Selenium's.
]]></system-err>
  </testcase>
  <testcase name="test13_NavigateToBilling" classname="com.testing.HospitalManagementTest" time="3.091">
    <system-out><![CDATA[✔ WebDriver closed
✔ WebDriver started

[TEST 13] Testing: Navigate to Billing
→ Clicked Billing menu item
✓ TEST 13 PASSED: Successfully navigated to Billing page
]]></system-out>
    <system-err><![CDATA[May 08, 2026 10:27:23 AM org.openqa.selenium.devtools.CdpVersionFinder findNearestMatch
WARNING: Unable to find CDP implementation matching 147
May 08, 2026 10:27:23 AM org.openqa.selenium.chromium.ChromiumDriver lambda$new$5
WARNING: Unable to find version of CDP to use for 147.0.7727.138. You may need to include a dependency on a specific version of the CDP using something similar to `org.seleniumhq.selenium:selenium-devtools-v86:4.15.0` where the version ("v86") matches the version of the chromium-based browser you're using and the version number of the artifact is the same as Selenium's.
]]></system-err>
  </testcase>
  <testcase name="test14_Logout" classname="com.testing.HospitalManagementTest" time="3.054">
    <system-out><![CDATA[✔ WebDriver closed
✔ WebDriver started

[TEST 14] Testing: Logout Functionality
→ User logged in
→ Clicked Sign Out button
✓ TEST 14 PASSED: Logout successful, returned to login page
]]></system-out>
    <system-err><![CDATA[May 08, 2026 10:27:28 AM org.openqa.selenium.devtools.CdpVersionFinder findNearestMatch
WARNING: Unable to find CDP implementation matching 147
May 08, 2026 10:27:28 AM org.openqa.selenium.chromium.ChromiumDriver lambda$new$5
WARNING: Unable to find version of CDP to use for 147.0.7727.138. You may need to include a dependency on a specific version of the CDP using something similar to `org.seleniumhq.selenium:selenium-devtools-v86:4.15.0` where the version ("v86") matches the version of the chromium-based browser you're using and the version number of the artifact is the same as Selenium's.
]]></system-err>
  </testcase>
  <testcase name="test15_RegisterPageElements" classname="com.testing.HospitalManagementTest" time="1.767">
    <system-out><![CDATA[✔ WebDriver closed
✔ WebDriver started

[TEST 15] Testing: Registration Page Elements
→ Clicked Create account link
→ Registration page displayed
→ Name field found
→ Email field found
→ Password field found
→ Phone field found
→ Role dropdown found
✓ TEST 15 PASSED: All registration form fields present
]]></system-out>
    <system-err><![CDATA[May 08, 2026 10:27:32 AM org.openqa.selenium.devtools.CdpVersionFinder findNearestMatch
WARNING: Unable to find CDP implementation matching 147
May 08, 2026 10:27:32 AM org.openqa.selenium.chromium.ChromiumDriver lambda$new$5
WARNING: Unable to find version of CDP to use for 147.0.7727.138. You may need to include a dependency on a specific version of the CDP using something similar to `org.seleniumhq.selenium:selenium-devtools-v86:4.15.0` where the version ("v86") matches the version of the chromium-based browser you're using and the version number of the artifact is the same as Selenium's.
]]></system-err>
  </testcase>
</testsuite>