<?xml version="1.0" encoding="UTF-8"?>
<!-- Generated by org.testng.reporters.JUnitXMLReporter -->
<testsuite ignored="0" hostname="luna" failures="0" tests="15" name="Complete Test Suite - All 15 Tests" time="63.289" errors="0" timestamp="2026-05-08T10:27:34 PKT">
  <testcase classname="com.testing.HospitalManagementTest" name="test01_HomePageLoads" time="0.863"/>
  <testcase classname="com.testing.HospitalManagementTest" name="test02_LoginPageElements" time="1.202"/>
  <testcase classname="com.testing.HospitalManagementTest" name="test03_SuccessfulLogin" time="1.929"/>
  <testcase classname="com.testing.HospitalManagementTest" name="test04_InvalidLogin" time="2.467"/>
  <testcase classname="com.testing.HospitalManagementTest" name="test05_DashboardLoads" time="1.957"/>
  <testcase classname="com.testing.HospitalManagementTest" name="test06_NavigateToPatients" time="2.226"/>
  <testcase classname="com.testing.HospitalManagementTest" name="test07_PatientsTableLoads" time="3.218"/>
  <testcase classname="com.testing.HospitalManagementTest" name="test08_PatientSearch" time="3.795"/>
  <testcase classname="com.testing.HospitalManagementTest" name="test09_AddPatientModal" time="4.015"/>
  <testcase classname="com.testing.HospitalManagementTest" name="test10_NavigateToDoctors" time="3.238"/>
  <testcase classname="com.testing.HospitalManagementTest" name="test11_NavigateToAppointments" time="3.078"/>
  <testcase classname="com.testing.HospitalManagementTest" name="test12_NavigateToWards" time="3.246"/>
  <testcase classname="com.testing.HospitalManagementTest" name="test13_NavigateToBilling" time="3.099"/>
  <testcase classname="com.testing.HospitalManagementTest" name="test14_Logout" time="3.051"/>
  <testcase classname="com.testing.HospitalManagementTest" name="test15_RegisterPageElements" time="1.769"/>
</testsuite> <!-- Complete Test Suite - All 15 Tests -->
